Removed Pin From Net: NetName=GND Pin=D1-1
Removed Pin From Net: NetName=2.2V Pin=D1-2
Removed Pin From Net: NetName=GND Pin=D2-1
Removed Pin From Net: NetName=2.2V Pin=D2-2
Removed Pin From Net: NetName=GND Pin=D3-1
Removed Pin From Net: NetName=2.2V Pin=D3-2
Change Component Footprint: Designator=D1 Old Footprint=FP-6_541-5092_01-4-MFG New Footprint=INDPR60-254-520X380X650
Change Component Footprint: Designator=D2 Old Footprint=FP-6_541-5092_01-4-MFG New Footprint=LTST-LTL-1CHG-2
Change Component Footprint: Designator=D3 Old Footprint=FP-6_541-5092_01-4-MFG New Footprint=LTST-LTL-1CHYE
Change Component Comment : Designator=D2 Old Comment=VLMG1300-GS08 New Comment=LTL-1CHG
Change Component Comment : Designator=D1 Old Comment=VLMS1300-GS08 New Comment=LTL-1CHE
Change Component Comment : Designator=D3 Old Comment=VLMY1300-GS08 New Comment=LTL-1CHYE
Change Managed Component Library Link : Designator=D1 Old VaultGUID=B7D15EC3-160A-466F-A46C-7801FE6295A7 New VaultGUID=B7D15EC3-160A-466F-A46C-7801FE6295A7 Old ItemGUID=43B1B133-52AB-4F2B-B6E6-1E8AFE79237D New ItemGUID=E11D4623-48DE-412D-81E7-D2184D1EB0DD Old RevisionGUID=93D9997A-1A50-49F2-9C2E-ADF91D796BAD New RevisionGUID=6F87D65B-16CB-4E33-A16F-B90AEFC81A58
Change Managed Component Library Link : Designator=D2 Old VaultGUID=B7D15EC3-160A-466F-A46C-7801FE6295A7 New VaultGUID=B7D15EC3-160A-466F-A46C-7801FE6295A7 Old ItemGUID=1CF4363D-6C0C-4CFF-9CCB-AE394C52A8AC New ItemGUID=B3801362-C555-4D37-943B-A869E6124B74 Old RevisionGUID=0A52611B-5F35-430F-8F02-222670C660B6 New RevisionGUID=A5AE29C5-EB4E-492D-8822-479802A88159
Change Managed Component Library Link : Designator=D3 Old VaultGUID=B7D15EC3-160A-466F-A46C-7801FE6295A7 New VaultGUID=B7D15EC3-160A-466F-A46C-7801FE6295A7 Old ItemGUID=F61FA5A1-B84F-4F4D-8FA5-871805B39C50 New ItemGUID=16D361C6-2D72-483B-B6AA-B60ED971F5E5 Old RevisionGUID=85AF2689-D65F-42C6-BA5B-1B61F418D2C4 New RevisionGUID=2495DB03-96E4-4B8D-9E3D-0786144FF4D0
Change component parameters: Designator = "D1" ("D1"); Footprint = "FP-6_541-5092_01-4-MFG"; UniqueID = "\TKHWSNUM" ("\TKHWSNUM")
Change component parameters (AddParameter): Name = "Case\Package"; Value = "Radial"; VariantName = "[No Variations]"
Change component parameters (AddParameter): Name = "ComponentLink1Description"; Value = "Manufacturer URL"; VariantName = "[No Variations]"
Change component parameters (AddParameter): Name = "ComponentLink1URL"; Value = "http://www.us.liteon.com/"; VariantName = "[No Variations]"
Change component parameters (AddParameter): Name = "ComponentLink2Description"; Value = "Datasheet"; VariantName = "[No Variations]"
Change component parameters (AddParameter): Name = "ComponentLink2URL"; Value = "https://datasheet.ciiva.com/15117/getdatasheetpartid-187746-15117985.pdf"; VariantName = "[No Variations]"
Change component parameters (AddParameter): Name = "Current Rating"; Value = "3.6 A"; VariantName = "[No Variations]"
Change component parameters (AddParameter): Name = "DatasheetVersion"; Value = "Dec-03"; VariantName = "[No Variations]"
Change component parameters (AddParameter): Name = "Height"; Value = "1.1 inch"; VariantName = "[No Variations]"
Change component parameters (AddParameter): Name = "Lead Pitch"; Value = "11.44 mm"; VariantName = "[No Variations]"
Change component parameters (AddParameter): Name = "Length"; Value = "0.97 inch"; VariantName = "[No Variations]"
Change component parameters (AddParameter): Name = "Max Operating Temperature"; Value = "130 degC"; VariantName = "[No Variations]"
Change component parameters (AddParameter): Name = "Min Operating Temperature"; Value = "-40 degC"; VariantName = "[No Variations]"
Change component parameters (AddParameter): Name = "Mount"; Value = "Through Hole"; VariantName = "[No Variations]"
Change component parameters (AddParameter): Name = "Package Quantity"; Value = "55"; VariantName = "[No Variations]"
Change component parameters (AddParameter): Name = "PackageDescription"; Value = "2-Pin Through Hole Device, Dia 3.8 mm, Pitch 2.54 mm"; VariantName = "[No Variations]"
Change component parameters (AddParameter): Name = "PackageReference"; Value = "LTL-1CHE"; VariantName = "[No Variations]"
Change component parameters (AddParameter): Name = "Packaging"; Value = "Tray"; VariantName = "[No Variations]"
Change component parameters (AddParameter): Name = "Radiation Hardening"; Value = "No"; VariantName = "[No Variations]"
Change component parameters (AddParameter): Name = "Resistance"; Value = "0.045 Ohm"; VariantName = "[No Variations]"
Change component parameters (AddParameter): Name = "RoHSCompliant"; Value = "true"; VariantName = "[No Variations]"
Change component parameters (AddParameter): Name = "Shielding"; Value = "Unshielded"; VariantName = "[No Variations]"
Change component parameters (AddParameter): Name = "Tolerance"; Value = "20%"; VariantName = "[No Variations]"
Change component parameters (AddParameter): Name = "Width"; Value = "0.62 inch"; VariantName = "[No Variations]"
Change component parameters: Designator = "D2" ("D2"); Footprint = "FP-6_541-5092_01-4-MFG"; UniqueID = "\ZWGSTBOC" ("\ZWGSTBOC")
Change component parameters (AddParameter): Name = "Case\Package"; Value = "QFN"; VariantName = "[No Variations]"
Change component parameters (AddParameter): Name = "ComponentLink1Description"; Value = "Manufacturer URL"; VariantName = "[No Variations]"
Change component parameters (AddParameter): Name = "ComponentLink1URL"; Value = "http://www.us.liteon.com/"; VariantName = "[No Variations]"
Change component parameters (AddParameter): Name = "ComponentLink2Description"; Value = "Datasheet"; VariantName = "[No Variations]"
Change component parameters (AddParameter): Name = "ComponentLink2URL"; Value = "http://datasheet.octopart.com/LTL-1CHG-Lite-On-datasheet-143841.pdf"; VariantName = "[No Variations]"
Change component parameters (AddParameter): Name = "DatasheetVersion"; Value = "Mar-00"; VariantName = "[No Variations]"
Change component parameters (AddParameter): Name = "Interface"; Value = "I2C"; VariantName = "[No Variations]"
Change component parameters (AddParameter): Name = "Max Operating Temperature"; Value = "85 degC"; VariantName = "[No Variations]"
Change component parameters (AddParameter): Name = "Max Supply Voltage"; Value = "3.6 V"; VariantName = "[No Variations]"
Change component parameters (AddParameter): Name = "Min Operating Temperature"; Value = "-40 degC"; VariantName = "[No Variations]"
Change component parameters (AddParameter): Name = "Min Supply Voltage"; Value = "2.5 V"; VariantName = "[No Variations]"
Change component parameters (AddParameter): Name = "Package Quantity"; Value = "5000"; VariantName = "[No Variations]"
Change component parameters (AddParameter): Name = "PackageDescription"; Value = "2-Pin Through Hole Device, Dia 3.8 mm"; VariantName = "[No Variations]"
Change component parameters (AddParameter): Name = "PackageReference"; Value = "LTL-1CHG"; VariantName = "[No Variations]"
Change component parameters (AddParameter): Name = "Packaging"; Value = "Cut Tape"; VariantName = "[No Variations]"
Change component parameters (AddParameter): Name = "Pins"; Value = "24"; VariantName = "[No Variations]"
Change component parameters (AddParameter): Name = "REACH SVHC"; Value = "No SVHC"; VariantName = "[No Variations]"
Change component parameters (AddParameter): Name = "RoHSCompliant"; Value = "true"; VariantName = "[No Variations]"
Change component parameters: Designator = "D3" ("D3"); Footprint = "FP-6_541-5092_01-4-MFG"; UniqueID = "\ONTRHCVM" ("\ONTRHCVM")
Change component parameters (AddParameter): Name = "Case Code (Imperial)"; Value = "0603"; VariantName = "[No Variations]"
Change component parameters (AddParameter): Name = "Case Code (Metric)"; Value = "1608"; VariantName = "[No Variations]"
Change component parameters (AddParameter): Name = "Case\Package"; Value = "0603"; VariantName = "[No Variations]"
Change component parameters (AddParameter): Name = "Colour"; Value = "White"; VariantName = "[No Variations]"
Change component parameters (AddParameter): Name = "ComponentLink1Description"; Value = "Manufacturer URL"; VariantName = "[No Variations]"
Change component parameters (AddParameter): Name = "ComponentLink1URL"; Value = "http://www.us.liteon.com/"; VariantName = "[No Variations]"
Change component parameters (AddParameter): Name = "ComponentLink2Description"; Value = "Datasheet"; VariantName = "[No Variations]"
Change component parameters (AddParameter): Name = "ComponentLink2URL"; Value = "https://datasheet.ciiva.com/4269/s-110-ltl-1chye-4269126.pdf"; VariantName = "[No Variations]"
Change component parameters (AddParameter): Name = "DatasheetVersion"; Value = "Rev. B, 07/2013"; VariantName = "[No Variations]"
Change component parameters (AddParameter): Name = "Forward Current"; Value = "20 mA"; VariantName = "[No Variations]"
Change component parameters (AddParameter): Name = "Forward Voltage"; Value = "3.6 V"; VariantName = "[No Variations]"
Change component parameters (AddParameter): Name = "Height"; Value = "0.6 mm"; VariantName = "[No Variations]"
Change component parameters (AddParameter): Name = "Illumination Colour"; Value = "White"; VariantName = "[No Variations]"
Change component parameters (AddParameter): Name = "Length"; Value = "1.6 mm"; VariantName = "[No Variations]"
Change component parameters (AddParameter): Name = "Lens Style"; Value = "Diffused"; VariantName = "[No Variations]"
Change component parameters (AddParameter): Name = "Luminous Intensity"; Value = "200 mcd"; VariantName = "[No Variations]"
Change component parameters (AddParameter): Name = "Max Operating Temperature"; Value = "85 degC"; VariantName = "[No Variations]"
Change component parameters (AddParameter): Name = "Min Operating Temperature"; Value = "-40 degC"; VariantName = "[No Variations]"
Change component parameters (AddParameter): Name = "Mount"; Value = "Surface Mount"; VariantName = "[No Variations]"
Change component parameters (AddParameter): Name = "Nominal Vf"; Value = "3.6 V"; VariantName = "[No Variations]"
Change component parameters (AddParameter): Name = "Package Quantity"; Value = "4000"; VariantName = "[No Variations]"
Change component parameters (AddParameter): Name = "PackageDescription"; Value = "2-Pin Through Hole Device, Dia 3.8 mm, Pitch 2.54 mm"; VariantName = "[No Variations]"
Change component parameters (AddParameter): Name = "PackageReference"; Value = "LTL-1CHYE"; VariantName = "[No Variations]"
Change component parameters (AddParameter): Name = "Packaging"; Value = "Tape and Reel"; VariantName = "[No Variations]"
Change component parameters (AddParameter): Name = "Pins"; Value = "2"; VariantName = "[No Variations]"
Change component parameters (AddParameter): Name = "Power Rating"; Value = "78 mW"; VariantName = "[No Variations]"
Change component parameters (AddParameter): Name = "Radiation Hardening"; Value = "No"; VariantName = "[No Variations]"
Change component parameters (AddParameter): Name = "REACH SVHC"; Value = "No SVHC"; VariantName = "[No Variations]"
Change component parameters (AddParameter): Name = "RoHSCompliant"; Value = "true"; VariantName = "[No Variations]"
Change component parameters (AddParameter): Name = "Viewing Angle"; Value = "140 degrees"; VariantName = "[No Variations]"
Change component parameters (AddParameter): Name = "Width"; Value = "0.8 mm"; VariantName = "[No Variations]"
Added Pin To Net: NetName=2.2V Pin=D1-1
Added Pin To Net: NetName=GND Pin=D1-2
Added Pin To Net: NetName=2.2V Pin=D2-1
Added Pin To Net: NetName=GND Pin=D2-2
Added Pin To Net: NetName=2.2V Pin=D3-1
Added Pin To Net: NetName=GND Pin=D3-2
